{"level":"info","message":"Server running on port 5000","timestamp":"2025-08-01T19:55:32.861Z"}
{"level":"info","message":"Redis connected successfully","timestamp":"2025-08-01T19:55:33.200Z"}
{"level":"info","message":"MongoDB Atlas connected successfully!","timestamp":"2025-08-01T19:55:35.773Z"}
{"level":"info","message":"Status: +251937881256-197222","timestamp":"2025-08-01T20:00:00.161Z"}
{"level":"info","message":"Redis set results: OK","timestamp":"2025-08-01T20:00:00.354Z"}
{"level":"info","message":"Server running on port 5000","timestamp":"2025-08-01T20:02:27.399Z"}
{"level":"info","message":"Redis connected successfully","timestamp":"2025-08-01T20:02:30.619Z"}
{"level":"info","message":"MongoDB Atlas connected successfully!","timestamp":"2025-08-01T20:02:37.693Z"}
{"level":"info","message":"Server running on port 5000","timestamp":"2025-08-01T20:02:49.003Z"}
{"level":"info","message":"Redis connected successfully","timestamp":"2025-08-01T20:02:51.341Z"}
{"level":"info","message":"MongoDB Atlas connected successfully!","timestamp":"2025-08-01T20:02:58.738Z"}
{"level":"info","message":"OTP verified for +251937881256","timestamp":"2025-08-01T20:03:01.503Z"}
{"level":"info","message":"Server running on port 5000","timestamp":"2025-08-01T20:03:46.631Z"}
{"level":"info","message":"Redis connected successfully","timestamp":"2025-08-01T20:03:49.523Z"}
{"level":"info","message":"MongoDB Atlas connected successfully!","timestamp":"2025-08-01T20:03:57.686Z"}
{"level":"info","message":"Server running on port 5000","timestamp":"2025-08-01T20:04:24.146Z"}
{"level":"info","message":"Redis connected successfully","timestamp":"2025-08-01T20:04:27.335Z"}
{"level":"info","message":"MongoDB Atlas connected successfully!","timestamp":"2025-08-01T20:04:34.729Z"}
{"level":"info","message":"Server running on port 5000","timestamp":"2025-08-01T20:06:42.379Z"}
{"level":"info","message":"Redis connected successfully","timestamp":"2025-08-01T20:06:45.510Z"}
{"level":"info","message":"Server running on port 5000","timestamp":"2025-08-01T20:06:51.629Z"}
{"level":"info","message":"Redis connected successfully","timestamp":"2025-08-01T20:06:54.344Z"}
{"level":"info","message":"MongoDB Atlas connected successfully!","timestamp":"2025-08-01T20:07:01.701Z"}
{"level":"info","message":"Server running on port 5000","timestamp":"2025-08-01T20:07:10.278Z"}
{"level":"info","message":"Redis connected successfully","timestamp":"2025-08-01T20:07:13.339Z"}
{"level":"info","message":"MongoDB Atlas connected successfully!","timestamp":"2025-08-01T20:07:17.684Z"}
{"level":"info","message":"Server running on port 5000","timestamp":"2025-08-01T20:08:07.093Z"}
{"level":"info","message":"Redis connected successfully","timestamp":"2025-08-01T20:08:09.439Z"}
{"level":"info","message":"MongoDB Atlas connected successfully!","timestamp":"2025-08-01T20:08:17.724Z"}
{"level":"info","message":"Server running on port 5000","timestamp":"2025-08-01T20:08:27.577Z"}
{"level":"info","message":"Redis connected successfully","timestamp":"2025-08-01T20:08:30.341Z"}
{"level":"info","message":"MongoDB Atlas connected successfully!","timestamp":"2025-08-01T20:08:37.671Z"}
{"level":"error","message":"Cannot read properties of undefined (reading 'refreshToken')","timestamp":"2025-08-01T20:08:51.811Z"}
{"level":"info","message":"Server running on port 5000","timestamp":"2025-08-01T20:11:20.436Z"}
{"level":"info","message":"Redis connected successfully","timestamp":"2025-08-01T20:11:23.440Z"}
{"level":"info","message":"MongoDB Atlas connected successfully!","timestamp":"2025-08-01T20:11:30.718Z"}
{"level":"info","message":"Server running on port 5000","timestamp":"2025-08-01T20:12:31.797Z"}
{"level":"info","message":"Redis connected successfully","timestamp":"2025-08-01T20:12:34.545Z"}
{"level":"info","message":"MongoDB Atlas connected successfully!","timestamp":"2025-08-01T20:12:42.709Z"}
{"level":"info","message":"Server running on port 5000","timestamp":"2025-08-01T20:12:59.225Z"}
{"level":"info","message":"Redis connected successfully","timestamp":"2025-08-01T20:13:02.342Z"}
{"level":"info","message":"MongoDB Atlas connected successfully!","timestamp":"2025-08-01T20:13:09.669Z"}
{"level":"info","message":"Server running on port 5000","timestamp":"2025-08-01T20:13:32.822Z"}
{"level":"info","message":"Redis connected successfully","timestamp":"2025-08-01T20:13:35.445Z"}
{"level":"info","message":"MongoDB Atlas connected successfully!","timestamp":"2025-08-01T20:13:41.707Z"}
{"level":"info","message":"Server running on port 5000","timestamp":"2025-08-01T20:14:11.604Z"}
{"level":"info","message":"Redis connected successfully","timestamp":"2025-08-01T20:14:11.937Z"}
{"level":"info","message":"MongoDB Atlas connected successfully!","timestamp":"2025-08-01T20:14:14.167Z"}
{"level":"info","message":"Server running on port 5000","timestamp":"2025-08-01T20:16:57.394Z"}
{"level":"info","message":"Redis connected successfully","timestamp":"2025-08-01T20:16:57.707Z"}
{"level":"info","message":"MongoDB Atlas connected successfully!","timestamp":"2025-08-01T20:17:00.397Z"}
{"level":"info","message":"Server running on port 5000","timestamp":"2025-08-01T20:17:16.909Z"}
{"level":"info","message":"Redis connected successfully","timestamp":"2025-08-01T20:17:17.224Z"}
{"level":"info","message":"MongoDB Atlas connected successfully!","timestamp":"2025-08-01T20:17:19.502Z"}
{"level":"info","message":"Server running on port 5000","timestamp":"2025-08-01T20:19:24.986Z"}
{"level":"info","message":"Redis connected successfully","timestamp":"2025-08-01T20:19:25.368Z"}
{"level":"info","message":"MongoDB Atlas connected successfully!","timestamp":"2025-08-01T20:19:27.776Z"}
{"level":"info","message":"Server running on port 5000","timestamp":"2025-08-01T20:20:00.552Z"}
{"level":"info","message":"Redis connected successfully","timestamp":"2025-08-01T20:20:00.865Z"}
{"level":"info","message":"MongoDB Atlas connected successfully!","timestamp":"2025-08-01T20:20:03.137Z"}
{"level":"info","message":"Server running on port 5000","timestamp":"2025-08-01T20:20:19.110Z"}
{"level":"info","message":"Redis connected successfully","timestamp":"2025-08-01T20:20:19.422Z"}
{"level":"info","message":"MongoDB Atlas connected successfully!","timestamp":"2025-08-01T20:20:21.689Z"}
{"level":"info","message":"Server running on port 5000","timestamp":"2025-08-01T20:20:30.890Z"}
{"level":"info","message":"Redis connected successfully","timestamp":"2025-08-01T20:20:31.218Z"}
{"level":"info","message":"MongoDB Atlas connected successfully!","timestamp":"2025-08-01T20:20:33.632Z"}
{"level":"info","message":"Server running on port 5000","timestamp":"2025-08-01T20:21:34.397Z"}
{"level":"info","message":"Redis connected successfully","timestamp":"2025-08-01T20:21:34.733Z"}
{"level":"info","message":"MongoDB Atlas connected successfully!","timestamp":"2025-08-01T20:21:37.139Z"}
{"level":"info","message":"Server running on port 5000","timestamp":"2025-08-01T20:24:42.156Z"}
{"level":"info","message":"Redis connected successfully","timestamp":"2025-08-01T20:24:42.488Z"}
{"level":"info","message":"MongoDB Atlas connected successfully!","timestamp":"2025-08-01T20:24:44.833Z"}
{"level":"info","message":"Server running on port 5000","timestamp":"2025-08-01T20:24:57.497Z"}
{"level":"info","message":"Redis connected successfully","timestamp":"2025-08-01T20:24:57.812Z"}
{"level":"info","message":"MongoDB Atlas connected successfully!","timestamp":"2025-08-01T20:24:59.969Z"}
{"level":"info","message":"Server running on port 5000","timestamp":"2025-08-01T20:27:19.619Z"}
{"level":"info","message":"Redis connected successfully","timestamp":"2025-08-01T20:27:19.925Z"}
{"level":"info","message":"MongoDB Atlas connected successfully!","timestamp":"2025-08-01T20:27:23.729Z"}
{"level":"info","message":"Server running on port 5000","timestamp":"2025-08-01T20:29:43.276Z"}
{"level":"info","message":"Redis connected successfully","timestamp":"2025-08-01T20:29:43.622Z"}
{"level":"info","message":"MongoDB Atlas connected successfully!","timestamp":"2025-08-01T20:29:46.043Z"}
{"level":"info","message":"Status: +251937881256-785529","timestamp":"2025-08-01T20:32:21.151Z"}
{"level":"info","message":"Redis set results: OK","timestamp":"2025-08-01T20:32:21.350Z"}
{"level":"info","message":"OTP verified for +251937881256","timestamp":"2025-08-01T20:33:22.654Z"}
{"level":"error","message":"Cannot access 'refreshToken' before initialization","timestamp":"2025-08-01T20:33:22.885Z"}
{"level":"info","message":"Server running on port 5000","timestamp":"2025-08-01T20:35:01.454Z"}
{"level":"info","message":"Redis connected successfully","timestamp":"2025-08-01T20:35:01.780Z"}
{"level":"info","message":"MongoDB Atlas connected successfully!","timestamp":"2025-08-01T20:35:04.438Z"}
{"level":"info","message":"Status: +251937881256-164615","timestamp":"2025-08-01T20:36:31.642Z"}
{"level":"info","message":"Redis set results: OK","timestamp":"2025-08-01T20:36:31.836Z"}
{"level":"info","message":"OTP verified for +251937881256","timestamp":"2025-08-01T20:36:55.047Z"}
{"level":"error","message":"Cannot access 'refreshToken' before initialization","timestamp":"2025-08-01T20:36:55.280Z"}
{"level":"info","message":"Server running on port 5000","timestamp":"2025-08-01T20:42:10.804Z"}
{"level":"info","message":"Redis connected successfully","timestamp":"2025-08-01T20:42:11.146Z"}
{"level":"info","message":"MongoDB Atlas connected successfully!","timestamp":"2025-08-01T20:42:13.730Z"}
{"level":"info","message":"Status: +251937881256-56892","timestamp":"2025-08-01T20:42:55.918Z"}
{"level":"info","message":"Redis set results: OK","timestamp":"2025-08-01T20:42:56.124Z"}
{"level":"info","message":"Server running on port 5000","timestamp":"2025-08-01T20:43:25.019Z"}
{"level":"info","message":"Redis connected successfully","timestamp":"2025-08-01T20:43:25.355Z"}
{"level":"info","message":"MongoDB Atlas connected successfully!","timestamp":"2025-08-01T20:43:27.709Z"}
{"level":"info","message":"Status: +251937881256-154282","timestamp":"2025-08-01T20:43:49.209Z"}
{"level":"info","message":"Redis set results: OK","timestamp":"2025-08-01T20:43:49.402Z"}
{"level":"info","message":"Server running on port 5000","timestamp":"2025-08-01T20:44:53.969Z"}
{"level":"info","message":"Redis connected successfully","timestamp":"2025-08-01T20:44:54.309Z"}
{"level":"info","message":"MongoDB Atlas connected successfully!","timestamp":"2025-08-01T20:44:56.658Z"}
{"level":"info","message":"Status: +251937881256-751336","timestamp":"2025-08-01T20:45:23.377Z"}
{"level":"info","message":"Redis set results: OK","timestamp":"2025-08-01T20:45:23.575Z"}
{"level":"info","message":"OTP verified for +251937881256","timestamp":"2025-08-01T20:45:38.566Z"}
{"level":"error","message":"Cannot access 'refreshToken' before initialization","timestamp":"2025-08-01T20:45:38.798Z"}
{"level":"info","message":"Server running on port 5000","timestamp":"2025-08-01T20:47:29.188Z"}
{"level":"info","message":"Redis connected successfully","timestamp":"2025-08-01T20:47:29.517Z"}
{"level":"info","message":"MongoDB Atlas connected successfully!","timestamp":"2025-08-01T20:47:31.873Z"}
{"level":"info","message":"OTP verified for +251937881256","timestamp":"2025-08-01T20:47:43.047Z"}
{"level":"info","message":"Server running on port 5000","timestamp":"2025-08-01T20:48:19.134Z"}
{"level":"info","message":"Redis connected successfully","timestamp":"2025-08-01T20:48:19.448Z"}
{"level":"info","message":"MongoDB Atlas connected successfully!","timestamp":"2025-08-01T20:48:21.692Z"}
{"level":"info","message":"Server running on port 5000","timestamp":"2025-08-01T20:49:38.006Z"}
{"level":"info","message":"Redis connected successfully","timestamp":"2025-08-01T20:49:38.339Z"}
{"level":"info","message":"MongoDB Atlas connected successfully!","timestamp":"2025-08-01T20:49:40.974Z"}
{"level":"info","message":"Server running on port 5000","timestamp":"2025-08-01T20:50:55.354Z"}
{"level":"info","message":"Redis connected successfully","timestamp":"2025-08-01T20:50:55.685Z"}
{"level":"info","message":"MongoDB Atlas connected successfully!","timestamp":"2025-08-01T20:50:58.273Z"}
{"level":"info","message":"Server running on port 5000","timestamp":"2025-08-01T20:50:59.179Z"}
{"level":"info","message":"Redis connected successfully","timestamp":"2025-08-01T20:50:59.486Z"}
{"level":"info","message":"MongoDB Atlas connected successfully!","timestamp":"2025-08-01T20:51:01.669Z"}
{"level":"info","message":"eyJhbGciOiJIUzI1NiIsInR5cCI6IkpXVCJ9.eyJpZCI6IjY4OGQyNzYzN2JhMDJkMzE0OTJhYjY5ZSIsImlhdCI6MTc1NDA4MTMxNCwiZXhwIjoxNzU0Njg2MTE0fQ.mkORXO3L3vJGUAmVuyMNftc20SF4CuVt-YXk8aUP8kA","timestamp":"2025-08-01T20:51:03.194Z"}
{"level":"info","message":"Server running on port 5000","timestamp":"2025-08-01T20:51:46.926Z"}
{"level":"info","message":"Redis connected successfully","timestamp":"2025-08-01T20:51:47.244Z"}
{"level":"info","message":"MongoDB Atlas connected successfully!","timestamp":"2025-08-01T20:51:49.507Z"}
{"level":"info","message":"[object Object]","timestamp":"2025-08-01T20:51:51.971Z"}
{"level":"info","message":"Server running on port 5000","timestamp":"2025-08-01T20:52:07.879Z"}
{"level":"info","message":"Redis connected successfully","timestamp":"2025-08-01T20:52:08.203Z"}
{"level":"info","message":"MongoDB Atlas connected successfully!","timestamp":"2025-08-01T20:52:10.489Z"}
{"level":"info","message":"688d27637ba02d31492ab69e","timestamp":"2025-08-01T20:52:12.706Z"}
{"level":"info","message":"688d27637ba02d31492ab69e","timestamp":"2025-08-01T20:56:56.785Z"}
{"level":"info","message":"Server running on port 5000","timestamp":"2025-08-01T20:57:23.427Z"}
{"level":"info","message":"Redis connected successfully","timestamp":"2025-08-01T20:57:23.773Z"}
{"level":"info","message":"MongoDB Atlas connected successfully!","timestamp":"2025-08-01T20:57:26.148Z"}
{"level":"error","message":"Cannot read properties of null (reading 'role')","timestamp":"2025-08-01T20:57:27.520Z"}
{"level":"info","message":"Server running on port 5000","timestamp":"2025-08-01T20:57:41.364Z"}
{"level":"info","message":"Redis connected successfully","timestamp":"2025-08-01T20:57:41.675Z"}
{"level":"info","message":"MongoDB Atlas connected successfully!","timestamp":"2025-08-01T20:57:43.947Z"}
{"level":"info","message":"null","timestamp":"2025-08-01T20:57:47.824Z"}
{"level":"info","message":"Server running on port 5000","timestamp":"2025-08-01T20:59:32.251Z"}
{"level":"info","message":"Redis connected successfully","timestamp":"2025-08-01T20:59:32.578Z"}
{"level":"info","message":"MongoDB Atlas connected successfully!","timestamp":"2025-08-01T20:59:34.949Z"}
{"level":"info","message":"Status: +251937881256-466982","timestamp":"2025-08-01T20:59:50.464Z"}
{"level":"info","message":"Redis set results: OK","timestamp":"2025-08-01T20:59:50.664Z"}
{"level":"info","message":"Status: +251937881256-680283","timestamp":"2025-08-01T21:00:07.791Z"}
{"level":"info","message":"OTP verified for +251937881256","timestamp":"2025-08-01T21:00:32.076Z"}
{"level":"info","message":"null","timestamp":"2025-08-01T21:00:50.656Z"}
{"level":"info","message":"null","timestamp":"2025-08-01T21:00:57.384Z"}
{"level":"info","message":"Server running on port 5000","timestamp":"2025-08-01T21:04:55.682Z"}
{"level":"info","message":"Redis connected successfully","timestamp":"2025-08-01T21:04:56.013Z"}
{"level":"info","message":"MongoDB Atlas connected successfully!","timestamp":"2025-08-01T21:04:58.600Z"}
{"level":"info","message":"{\n  _id: new ObjectId('688d2ac6b2b52b5a3e151434'),\n  email: 'bereketmeles00@gmail.com',\n  phone: '+251937881256',\n  password: '$2b$10$vK.Eq/Ssfv8RnZ85Ykb.4OwhPud1h8rEl4Vh6Kv3fsDLFQ3qONMVq',\n  role: 'customer',\n  isVerified: true,\n  deleted: false,\n  createdAt: 2025-08-01T20:59:50.142Z,\n  updatedAt: 2025-08-01T20:59:50.142Z,\n  __v: 0\n}","timestamp":"2025-08-01T21:05:04.461Z"}
{"level":"info","message":"Server running on port 5000","timestamp":"2025-08-01T21:05:28.485Z"}
{"level":"info","message":"Redis connected successfully","timestamp":"2025-08-01T21:05:28.803Z"}
{"level":"info","message":"MongoDB Atlas connected successfully!","timestamp":"2025-08-01T21:05:31.115Z"}
{"level":"info","message":"Server running on port 5000","timestamp":"2025-08-01T21:07:19.748Z"}
{"level":"info","message":"Redis connected successfully","timestamp":"2025-08-01T21:07:20.146Z"}
{"level":"info","message":"MongoDB Atlas connected successfully!","timestamp":"2025-08-01T21:07:22.549Z"}
{"level":"info","message":"Server running on port 5000","timestamp":"2025-08-01T21:08:13.924Z"}
{"level":"info","message":"Redis connected successfully","timestamp":"2025-08-01T21:08:14.236Z"}
{"level":"info","message":"MongoDB Atlas connected successfully!","timestamp":"2025-08-01T21:08:16.491Z"}
{"level":"info","message":"Server running on port 5000","timestamp":"2025-08-01T21:08:39.122Z"}
{"level":"info","message":"Redis connected successfully","timestamp":"2025-08-01T21:08:39.448Z"}
{"level":"info","message":"MongoDB Atlas connected successfully!","timestamp":"2025-08-01T21:08:41.790Z"}
{"level":"info","message":"Status: +251937881256-555117","timestamp":"2025-08-01T21:09:14.935Z"}
{"level":"info","message":"Redis set results: OK","timestamp":"2025-08-01T21:09:15.128Z"}
{"level":"info","message":"OTP verified for +251937881256","timestamp":"2025-08-01T21:09:27.133Z"}
{"level":"info","message":"Server running on port 5000","timestamp":"2025-08-02T10:41:30.443Z"}
{"level":"info","message":"Redis connected successfully","timestamp":"2025-08-02T10:41:30.810Z"}
{"level":"info","message":"MongoDB Atlas connected successfully!","timestamp":"2025-08-02T10:41:34.568Z"}
{"level":"info","message":"Status: +251937881256-798758","timestamp":"2025-08-02T10:41:38.094Z"}
{"level":"info","message":"Redis set results: OK","timestamp":"2025-08-02T10:41:38.398Z"}
{"level":"info","message":"OTP verified for +251937881256","timestamp":"2025-08-02T10:41:45.874Z"}
{"level":"error","message":"Cannot destructure property 'email' of 'req.body' as it is undefined.","timestamp":"2025-08-02T10:43:03.135Z"}
{"level":"error","message":"Cannot destructure property 'email' of 'req.body' as it is undefined.","timestamp":"2025-08-02T10:43:41.026Z"}
{"level":"info","message":"Server running on port 5000","timestamp":"2025-08-02T10:43:59.434Z"}
{"level":"info","message":"Redis connected successfully","timestamp":"2025-08-02T10:43:59.810Z"}
{"level":"info","message":"Server running on port 5000","timestamp":"2025-08-02T10:44:01.135Z"}
{"level":"info","message":"Redis connected successfully","timestamp":"2025-08-02T10:44:01.442Z"}
{"level":"info","message":"Server running on port 5000","timestamp":"2025-08-02T10:44:02.781Z"}
{"level":"info","message":"Redis connected successfully","timestamp":"2025-08-02T10:44:03.101Z"}
{"level":"info","message":"Server running on port 5000","timestamp":"2025-08-02T10:44:04.331Z"}
{"level":"info","message":"Redis connected successfully","timestamp":"2025-08-02T10:44:04.639Z"}
{"level":"info","message":"MongoDB Atlas connected successfully!","timestamp":"2025-08-02T10:44:07.186Z"}
{"level":"error","message":"Cannot destructure property 'email' of 'req.body' as it is undefined.","timestamp":"2025-08-02T10:44:08.667Z"}
{"level":"info","message":"Status: +251937881256-567240","timestamp":"2025-08-02T10:44:51.839Z"}
{"level":"error","message":"Cannot destructure property 'phone' of 'req.body' as it is undefined.","timestamp":"2025-08-02T10:46:42.147Z"}
{"level":"info","message":"Server running on port 5000","timestamp":"2025-08-02T10:48:19.220Z"}
{"level":"info","message":"Redis connected successfully","timestamp":"2025-08-02T10:48:19.598Z"}
{"level":"info","message":"MongoDB Atlas connected successfully!","timestamp":"2025-08-02T10:48:22.572Z"}
{"level":"info","message":"Server running on port 5000","timestamp":"2025-08-02T10:49:06.568Z"}
{"level":"info","message":"Redis connected successfully","timestamp":"2025-08-02T10:49:06.883Z"}
{"level":"info","message":"MongoDB Atlas connected successfully!","timestamp":"2025-08-02T10:49:09.470Z"}
{"level":"error","message":"Cannot set headers after they are sent to the client","timestamp":"2025-08-02T10:49:17.983Z"}
{"level":"error","message":"err.message","timestamp":"2025-08-02T10:49:17.986Z"}
{"level":"info","message":"Server running on port 5000","timestamp":"2025-08-02T10:50:31.059Z"}
{"level":"info","message":"Redis connected successfully","timestamp":"2025-08-02T10:50:31.388Z"}
{"level":"info","message":"MongoDB Atlas connected successfully!","timestamp":"2025-08-02T10:50:34.463Z"}
{"level":"info","message":"Status: +251937881256-822895","timestamp":"2025-08-02T10:52:04.164Z"}
{"level":"info","message":"Redis set results: OK","timestamp":"2025-08-02T10:52:04.468Z"}
{"level":"info","message":"OTP verified for +251937881256","timestamp":"2025-08-02T10:52:15.975Z"}
{"level":"info","message":"Status: +251937881256-771117","timestamp":"2025-08-02T10:53:51.580Z"}
{"level":"info","message":"Redis set results: OK","timestamp":"2025-08-02T10:53:51.884Z"}
{"level":"info","message":"OTP verified for +251937881256","timestamp":"2025-08-02T10:55:09.095Z"}
{"level":"info","message":"Server running on port 5000","timestamp":"2025-08-02T10:55:35.319Z"}
{"level":"info","message":"Redis connected successfully","timestamp":"2025-08-02T10:55:35.718Z"}
{"level":"info","message":"MongoDB Atlas connected successfully!","timestamp":"2025-08-02T10:55:38.897Z"}
{"level":"info","message":"Server running on port 5000","timestamp":"2025-08-02T10:55:40.188Z"}
{"level":"info","message":"Redis connected successfully","timestamp":"2025-08-02T10:55:40.524Z"}
{"level":"info","message":"MongoDB Atlas connected successfully!","timestamp":"2025-08-02T10:55:43.142Z"}
{"level":"info","message":"OTP verified for +251937881256","timestamp":"2025-08-02T10:55:44.834Z"}
{"level":"info","message":"Server running on port 5000","timestamp":"2025-08-02T10:56:14.961Z"}
{"level":"info","message":"Redis connected successfully","timestamp":"2025-08-02T10:56:15.304Z"}
{"level":"info","message":"MongoDB Atlas connected successfully!","timestamp":"2025-08-02T10:56:17.809Z"}
{"level":"info","message":"OTP verified for +251937881256","timestamp":"2025-08-02T10:56:19.237Z"}
{"level":"info","message":"eyJhbGciOiJIUzI1NiIsInR5cCI6IkpXVCJ9.eyJpZCI6IjY4OGRlZTNmOWZmMjBkMTgzYjA4N2M5OCIsImlhdCI6MTc1NDEzMjE3OSwiZXhwIjoxNzU0NzM2OTc5fQ.RZOY46q9vCVvZx4oZmFx1tkCIUamY4booXBAKkIyEa8","timestamp":"2025-08-02T10:56:19.469Z"}
{"level":"info","message":"Server running on port 5000","timestamp":"2025-08-02T10:56:31.471Z"}
{"level":"info","message":"Redis connected successfully","timestamp":"2025-08-02T10:56:31.798Z"}
{"level":"info","message":"MongoDB Atlas connected successfully!","timestamp":"2025-08-02T10:56:34.399Z"}
{"level":"info","message":"OTP verified for +251937881256","timestamp":"2025-08-02T10:56:35.931Z"}
{"level":"info","message":"eyJhbGciOiJIUzI1NiIsInR5cCI6IkpXVCJ9.eyJpZCI6IjY4OGRlZTNmOWZmMjBkMTgzYjA4N2M5OCIsImlhdCI6MTc1NDEzMjE5NiwiZXhwIjoxNzU0NzM2OTk2fQ.IzjWmEN3IuK6-kZm3DpxrJpdXdl-BFd9Rigx2MQNnHg","timestamp":"2025-08-02T10:56:36.172Z"}
{"level":"info","message":"Server running on port 5000","timestamp":"2025-08-02T10:56:55.910Z"}
{"level":"info","message":"Redis connected successfully","timestamp":"2025-08-02T10:56:56.255Z"}
{"level":"info","message":"MongoDB Atlas connected successfully!","timestamp":"2025-08-02T10:56:58.664Z"}
{"level":"info","message":"Status: +251937881256-922331","timestamp":"2025-08-02T10:57:31.635Z"}
{"level":"info","message":"Server running on port 5000","timestamp":"2025-08-05T16:38:37.580Z"}
{"level":"info","message":"Redis connected successfully","timestamp":"2025-08-05T16:38:37.591Z"}
{"level":"info","message":"MongoDB Atlas connected successfully!","timestamp":"2025-08-05T16:39:04.476Z"}
{"level":"info","message":"Server running on port 5000","timestamp":"2025-08-05T16:40:21.397Z"}
{"level":"info","message":"Redis connected successfully","timestamp":"2025-08-05T16:40:21.560Z"}
{"level":"info","message":"MongoDB Atlas connected successfully!","timestamp":"2025-08-05T16:40:37.719Z"}
{"level":"info","message":"Server running on port 5000","timestamp":"2025-08-05T16:41:03.064Z"}
{"level":"info","message":"Redis connected successfully","timestamp":"2025-08-05T16:41:03.096Z"}
{"level":"info","message":"MongoDB Atlas connected successfully!","timestamp":"2025-08-05T16:41:05.981Z"}
{"level":"info","message":"Server running on port 5000","timestamp":"2025-08-05T16:46:01.680Z"}
{"level":"info","message":"Redis connected successfully","timestamp":"2025-08-05T16:46:01.701Z"}
{"level":"info","message":"MongoDB Atlas connected successfully!","timestamp":"2025-08-05T16:46:04.653Z"}
{"level":"info","message":"Server running on port 5000","timestamp":"2025-08-05T16:59:22.690Z"}
{"level":"info","message":"Redis connected successfully","timestamp":"2025-08-05T16:59:22.840Z"}
{"level":"info","message":"Server running on port 5000","timestamp":"2025-08-05T16:59:40.889Z"}
{"level":"info","message":"Redis connected successfully","timestamp":"2025-08-05T16:59:40.902Z"}
{"level":"info","message":"MongoDB Atlas connected successfully!","timestamp":"2025-08-05T16:59:44.142Z"}
{"level":"info","message":"Server running on port 5000","timestamp":"2025-08-05T17:00:13.059Z"}
{"level":"info","message":"Redis connected successfully","timestamp":"2025-08-05T17:00:13.132Z"}
{"level":"info","message":"MongoDB Atlas connected successfully!","timestamp":"2025-08-05T17:00:16.019Z"}
{"level":"info","message":"Status: 0909090911-208045","timestamp":"2025-08-05T17:00:35.621Z"}
{"level":"info","message":"Redis set results: OK","timestamp":"2025-08-05T17:00:35.639Z"}
{"level":"info","message":"Status: 0909090911-200348","timestamp":"2025-08-05T17:01:46.416Z"}
{"level":"info","message":"OTP verified for 0909090911","timestamp":"2025-08-05T17:04:35.456Z"}
{"level":"error","message":"secretOrPrivateKey must have a value","timestamp":"2025-08-05T17:04:35.882Z"}
{"level":"info","message":"Server running on port 5000","timestamp":"2025-08-06T10:01:37.178Z"}
{"level":"info","message":"Redis connected successfully","timestamp":"2025-08-06T10:01:37.243Z"}
{"level":"info","message":"Server running on port 5000","timestamp":"2025-08-06T10:01:56.401Z"}
{"level":"info","message":"Redis connected successfully","timestamp":"2025-08-06T10:01:56.424Z"}
{"level":"info","message":"MongoDB Atlas connected successfully!","timestamp":"2025-08-06T10:01:59.210Z"}
{"level":"info","message":"Server running on port 5000","timestamp":"2025-08-06T10:02:30.141Z"}
{"level":"info","message":"Redis connected successfully","timestamp":"2025-08-06T10:02:30.196Z"}
{"level":"info","message":"MongoDB Atlas connected successfully!","timestamp":"2025-08-06T10:02:33.207Z"}
{"level":"info","message":"Server running on port 5000","timestamp":"2025-08-06T10:03:44.407Z"}
{"level":"info","message":"Redis connected successfully","timestamp":"2025-08-06T10:03:44.466Z"}
{"level":"info","message":"MongoDB Atlas connected successfully!","timestamp":"2025-08-06T10:03:47.282Z"}
{"level":"info","message":"Server running on port 5000","timestamp":"2025-08-06T10:05:32.369Z"}
{"level":"info","message":"Redis connected successfully","timestamp":"2025-08-06T10:05:32.399Z"}
{"level":"info","message":"MongoDB Atlas connected successfully!","timestamp":"2025-08-06T10:05:35.302Z"}
{"level":"info","message":"Server running on port 5000","timestamp":"2025-08-06T10:05:46.421Z"}
{"level":"info","message":"Redis connected successfully","timestamp":"2025-08-06T10:05:46.462Z"}
{"level":"info","message":"MongoDB Atlas connected successfully!","timestamp":"2025-08-06T10:05:49.697Z"}
{"level":"info","message":"Server running on port 5000","timestamp":"2025-08-06T10:06:32.013Z"}
{"level":"info","message":"Redis connected successfully","timestamp":"2025-08-06T10:06:32.059Z"}
{"level":"info","message":"MongoDB Atlas connected successfully!","timestamp":"2025-08-06T10:06:53.921Z"}
{"level":"info","message":"Server running on port 5000","timestamp":"2025-08-06T10:07:01.943Z"}
{"level":"info","message":"Redis connected successfully","timestamp":"2025-08-06T10:07:01.965Z"}
{"level":"info","message":"Server running on port 5000","timestamp":"2025-08-06T10:07:10.112Z"}
{"level":"info","message":"Redis connected successfully","timestamp":"2025-08-06T10:07:10.145Z"}
{"level":"info","message":"MongoDB Atlas connected successfully!","timestamp":"2025-08-06T10:07:13.280Z"}
{"level":"info","message":"Server running on port 5000","timestamp":"2025-08-06T10:49:07.777Z"}
{"level":"info","message":"Redis connected successfully","timestamp":"2025-08-06T10:49:07.838Z"}
{"level":"info","message":"MongoDB Atlas connected successfully!","timestamp":"2025-08-06T10:49:10.798Z"}
{"level":"info","message":"Server running on port 5000","timestamp":"2025-08-06T10:53:03.147Z"}
{"level":"info","message":"Redis connected successfully","timestamp":"2025-08-06T10:53:03.167Z"}
{"level":"info","message":"MongoDB Atlas connected successfully!","timestamp":"2025-08-06T10:53:06.400Z"}
{"level":"info","message":"Server running on port 5000","timestamp":"2025-08-06T10:54:20.138Z"}
{"level":"info","message":"Redis connected successfully","timestamp":"2025-08-06T10:54:20.164Z"}
{"level":"info","message":"MongoDB Atlas connected successfully!","timestamp":"2025-08-06T10:54:23.681Z"}
{"level":"info","message":"Server running on port 5000","timestamp":"2025-08-06T11:06:50.149Z"}
{"level":"info","message":"Redis connected successfully","timestamp":"2025-08-06T11:06:50.184Z"}
{"level":"info","message":"MongoDB Atlas connected successfully!","timestamp":"2025-08-06T11:06:53.670Z"}
{"level":"error","message":"err.message","timestamp":"2025-08-06T11:10:03.848Z"}
{"level":"info","message":"Server running on port 5000","timestamp":"2025-08-06T11:10:50.553Z"}
{"level":"info","message":"Redis connected successfully","timestamp":"2025-08-06T11:10:50.574Z"}
{"level":"info","message":"MongoDB Atlas connected successfully!","timestamp":"2025-08-06T11:10:54.056Z"}
{"level":"error","message":"err.message","timestamp":"2025-08-06T11:10:58.269Z"}
{"level":"error","message":"err.message","timestamp":"2025-08-06T11:12:17.603Z"}
{"level":"error","message":"err.message","timestamp":"2025-08-06T11:13:00.106Z"}
{"level":"error","message":"err.message","timestamp":"2025-08-06T11:14:38.653Z"}
{"level":"info","message":"Server running on port 5000","timestamp":"2025-08-06T11:15:44.328Z"}
{"level":"info","message":"Redis connected successfully","timestamp":"2025-08-06T11:15:44.352Z"}
{"level":"error","message":"err.message","timestamp":"2025-08-06T11:15:47.765Z"}
{"level":"info","message":"MongoDB Atlas connected successfully!","timestamp":"2025-08-06T11:15:48.418Z"}
{"level":"error","message":"err.message","timestamp":"2025-08-06T11:18:08.246Z"}
{"level":"error","message":"err.message","timestamp":"2025-08-06T11:18:24.446Z"}
{"level":"error","message":"err.message","timestamp":"2025-08-06T11:19:00.261Z"}
{"level":"error","message":"err.message","timestamp":"2025-08-06T11:20:09.343Z"}
{"level":"info","message":"Server running on port 5000","timestamp":"2025-08-06T11:21:23.525Z"}
{"level":"info","message":"Redis connected successfully","timestamp":"2025-08-06T11:21:23.575Z"}
{"level":"info","message":"MongoDB Atlas connected successfully!","timestamp":"2025-08-06T11:21:47.083Z"}
{"level":"info","message":"Server running on port 5000","timestamp":"2025-08-06T11:21:51.811Z"}
{"level":"info","message":"Redis connected successfully","timestamp":"2025-08-06T11:21:51.820Z"}
{"level":"info","message":"MongoDB Atlas connected successfully!","timestamp":"2025-08-06T11:21:55.528Z"}
{"level":"error","message":"err.message","timestamp":"2025-08-06T11:22:01.352Z"}
{"level":"error","message":"err.message","timestamp":"2025-08-06T11:28:04.682Z"}
{"level":"error","message":"err.message","timestamp":"2025-08-06T11:28:34.199Z"}
{"level":"error","message":"err.message","timestamp":"2025-08-06T11:31:22.581Z"}
{"level":"info","message":"Server running on port 5000","timestamp":"2025-08-06T11:36:11.481Z"}
{"level":"info","message":"Redis connected successfully","timestamp":"2025-08-06T11:36:11.528Z"}
{"level":"info","message":"MongoDB Atlas connected successfully!","timestamp":"2025-08-06T11:36:14.551Z"}
{"level":"info","message":"Server running on port 5000","timestamp":"2025-08-06T11:36:33.631Z"}
{"level":"info","message":"Redis connected successfully","timestamp":"2025-08-06T11:36:33.667Z"}
{"level":"info","message":"MongoDB Atlas connected successfully!","timestamp":"2025-08-06T11:36:35.547Z"}
{"level":"info","message":"Server running on port 5000","timestamp":"2025-08-06T11:37:05.018Z"}
{"level":"info","message":"Redis connected successfully","timestamp":"2025-08-06T11:37:05.052Z"}
{"level":"info","message":"MongoDB Atlas connected successfully!","timestamp":"2025-08-06T11:37:07.025Z"}
{"level":"error","message":"err.message","timestamp":"2025-08-06T11:38:30.102Z"}
{"level":"info","message":"Server running on port 5000","timestamp":"2025-08-06T11:38:50.706Z"}
{"level":"info","message":"Redis connected successfully","timestamp":"2025-08-06T11:38:50.722Z"}
{"level":"info","message":"MongoDB Atlas connected successfully!","timestamp":"2025-08-06T11:39:07.974Z"}
{"level":"info","message":"Server running on port 5000","timestamp":"2025-08-11T16:25:13.803Z"}
{"level":"info","message":"Redis connected successfully","timestamp":"2025-08-11T16:25:13.824Z"}
{"level":"info","message":"MongoDB Atlas connected successfully!","timestamp":"2025-08-11T16:25:13.851Z"}
{"level":"info","message":"Server running on port 5000","timestamp":"2025-08-11T16:29:43.279Z"}
{"level":"info","message":"Redis connected successfully","timestamp":"2025-08-11T16:29:43.304Z"}
{"level":"info","message":"MongoDB Atlas connected successfully!","timestamp":"2025-08-11T16:29:43.330Z"}
{"level":"info","message":"Server running on port 5000","timestamp":"2025-08-12T10:32:37.057Z"}
{"level":"info","message":"Redis connected successfully","timestamp":"2025-08-12T10:32:37.112Z"}
{"level":"error","message":"MongoDB Atlas connection errpr: connect ECONNREFUSED ::1:27017, connect ECONNREFUSED 127.0.0.1:27017","timestamp":"2025-08-12T10:33:07.052Z"}
{"level":"info","message":"Server running on port 5000","timestamp":"2025-08-12T10:34:39.503Z"}
{"level":"info","message":"Redis connected successfully","timestamp":"2025-08-12T10:34:39.513Z"}
{"level":"info","message":"MongoDB Atlas connected successfully!","timestamp":"2025-08-12T10:34:39.566Z"}
{"level":"info","message":"Server running on port 5000","timestamp":"2025-08-12T10:35:59.165Z"}
{"level":"info","message":"Redis connected successfully","timestamp":"2025-08-12T10:35:59.254Z"}
{"level":"info","message":"MongoDB Atlas connected successfully!","timestamp":"2025-08-12T10:35:59.402Z"}
{"level":"error","message":"err.message","timestamp":"2025-08-12T10:36:15.477Z"}
{"level":"info","message":"Server running on port 5000","timestamp":"2025-08-12T10:36:39.884Z"}
{"level":"info","message":"Redis connected successfully","timestamp":"2025-08-12T10:36:39.932Z"}
{"level":"info","message":"MongoDB Atlas connected successfully!","timestamp":"2025-08-12T10:36:39.964Z"}
{"level":"error","message":"err.message","timestamp":"2025-08-12T10:36:48.270Z"}
{"level":"info","message":"Status: 0909090900-197569","timestamp":"2025-08-12T10:43:25.108Z"}
{"level":"info","message":"Redis set results: OK","timestamp":"2025-08-12T10:43:25.197Z"}
{"level":"info","message":"Status: 0909090901-212386","timestamp":"2025-08-12T10:43:37.131Z"}
{"level":"info","message":"Redis set results: OK","timestamp":"2025-08-12T10:43:37.132Z"}
{"level":"info","message":"Status: 0909090903-684942","timestamp":"2025-08-12T10:43:45.379Z"}
{"level":"info","message":"Redis set results: OK","timestamp":"2025-08-12T10:43:45.381Z"}
{"level":"info","message":"Status: 0909090904-887337","timestamp":"2025-08-12T10:43:52.446Z"}
{"level":"info","message":"Redis set results: OK","timestamp":"2025-08-12T10:43:52.448Z"}
{"level":"info","message":"Status: 0909090905-151973","timestamp":"2025-08-12T10:44:01.145Z"}
{"level":"info","message":"Redis set results: OK","timestamp":"2025-08-12T10:44:01.147Z"}
{"level":"info","message":"Status: 0909090906-946933","timestamp":"2025-08-12T10:44:09.024Z"}
{"level":"info","message":"Redis set results: OK","timestamp":"2025-08-12T10:44:09.069Z"}
{"level":"info","message":"Status: 0909090907-324087","timestamp":"2025-08-12T10:44:20.978Z"}
{"level":"info","message":"Redis set results: OK","timestamp":"2025-08-12T10:44:20.979Z"}
{"level":"info","message":"Status: 0909090908-180243","timestamp":"2025-08-12T10:44:31.705Z"}
{"level":"info","message":"Redis set results: OK","timestamp":"2025-08-12T10:44:31.706Z"}
{"level":"info","message":"Status: 0909090909-108663","timestamp":"2025-08-12T10:44:40.399Z"}
{"level":"info","message":"Redis set results: OK","timestamp":"2025-08-12T10:44:40.402Z"}
{"level":"info","message":"Status: 0909090910-776218","timestamp":"2025-08-12T10:44:49.284Z"}
{"level":"info","message":"Redis set results: OK","timestamp":"2025-08-12T10:44:49.293Z"}
{"level":"info","message":"Server running on port 5000","timestamp":"2025-08-12T10:46:14.235Z"}
{"level":"info","message":"Redis connected successfully","timestamp":"2025-08-12T10:46:14.249Z"}
{"level":"info","message":"MongoDB Atlas connected successfully!","timestamp":"2025-08-12T10:46:14.268Z"}
{"level":"info","message":"Server running on port 5000","timestamp":"2025-08-12T10:46:46.771Z"}
{"level":"info","message":"Redis connected successfully","timestamp":"2025-08-12T10:46:46.800Z"}
{"level":"info","message":"MongoDB Atlas connected successfully!","timestamp":"2025-08-12T10:46:46.953Z"}
{"level":"info","message":"Server running on port 5000","timestamp":"2025-08-12T10:47:02.094Z"}
{"level":"info","message":"Redis connected successfully","timestamp":"2025-08-12T10:47:02.253Z"}
{"level":"info","message":"MongoDB Atlas connected successfully!","timestamp":"2025-08-12T10:47:02.323Z"}
{"level":"info","message":"Server running on port 5000","timestamp":"2025-08-12T10:47:14.266Z"}
{"level":"info","message":"Redis connected successfully","timestamp":"2025-08-12T10:47:14.364Z"}
{"level":"info","message":"MongoDB Atlas connected successfully!","timestamp":"2025-08-12T10:47:14.482Z"}
{"level":"info","message":"Server running on port 5000","timestamp":"2025-08-12T10:47:23.476Z"}
{"level":"info","message":"Redis connected successfully","timestamp":"2025-08-12T10:47:23.506Z"}
{"level":"info","message":"MongoDB Atlas connected successfully!","timestamp":"2025-08-12T10:47:23.542Z"}
{"level":"info","message":"Server running on port 5000","timestamp":"2025-08-12T10:47:36.689Z"}
{"level":"info","message":"Redis connected successfully","timestamp":"2025-08-12T10:47:36.709Z"}
{"level":"info","message":"MongoDB Atlas connected successfully!","timestamp":"2025-08-12T10:47:36.732Z"}
{"level":"info","message":"Server running on port 5000","timestamp":"2025-08-12T10:47:46.365Z"}
{"level":"info","message":"Redis connected successfully","timestamp":"2025-08-12T10:47:46.378Z"}
{"level":"info","message":"MongoDB Atlas connected successfully!","timestamp":"2025-08-12T10:47:46.418Z"}
{"level":"info","message":"Server running on port 5000","timestamp":"2025-08-12T10:47:54.456Z"}
{"level":"info","message":"Redis connected successfully","timestamp":"2025-08-12T10:47:54.484Z"}
{"level":"info","message":"MongoDB Atlas connected successfully!","timestamp":"2025-08-12T10:47:54.500Z"}
{"level":"info","message":"Server running on port 5000","timestamp":"2025-08-12T10:48:05.298Z"}
{"level":"info","message":"Redis connected successfully","timestamp":"2025-08-12T10:48:05.324Z"}
{"level":"info","message":"MongoDB Atlas connected successfully!","timestamp":"2025-08-12T10:48:05.341Z"}
{"level":"info","message":"Server running on port 5000","timestamp":"2025-08-12T10:48:16.950Z"}
{"level":"info","message":"Redis connected successfully","timestamp":"2025-08-12T10:48:16.965Z"}
{"level":"info","message":"MongoDB Atlas connected successfully!","timestamp":"2025-08-12T10:48:17.003Z"}
{"level":"info","message":"Server running on port 5000","timestamp":"2025-08-12T10:48:19.404Z"}
{"level":"info","message":"Redis connected successfully","timestamp":"2025-08-12T10:48:19.436Z"}
{"level":"info","message":"MongoDB Atlas connected successfully!","timestamp":"2025-08-12T10:48:19.502Z"}
{"level":"error","message":"err.message","timestamp":"2025-08-12T10:50:47.491Z"}
{"level":"error","message":"err.message","timestamp":"2025-08-12T10:54:42.170Z"}
{"level":"error","message":"err.message","timestamp":"2025-08-12T10:55:04.395Z"}
{"level":"error","message":"err.message","timestamp":"2025-08-12T10:55:08.373Z"}
{"level":"error","message":"err.message","timestamp":"2025-08-12T10:55:40.319Z"}
{"level":"info","message":"Server running on port 5000","timestamp":"2025-08-12T10:59:02.816Z"}
{"level":"info","message":"Redis connected successfully","timestamp":"2025-08-12T10:59:02.834Z"}
{"level":"info","message":"MongoDB Atlas connected successfully!","timestamp":"2025-08-12T10:59:02.901Z"}
{"level":"info","message":"Server running on port 5000","timestamp":"2025-08-12T11:01:29.038Z"}
{"level":"info","message":"Redis connected successfully","timestamp":"2025-08-12T11:01:29.067Z"}
{"level":"info","message":"MongoDB Atlas connected successfully!","timestamp":"2025-08-12T11:01:29.100Z"}
{"level":"info","message":"Server running on port 5000","timestamp":"2025-08-12T11:04:17.009Z"}
{"level":"info","message":"Redis connected successfully","timestamp":"2025-08-12T11:04:17.066Z"}
{"level":"info","message":"MongoDB Atlas connected successfully!","timestamp":"2025-08-12T11:04:17.087Z"}
{"level":"info","message":"Server running on port 5000","timestamp":"2025-08-12T11:05:50.185Z"}
{"level":"info","message":"Redis connected successfully","timestamp":"2025-08-12T11:05:50.268Z"}
{"level":"info","message":"MongoDB Atlas connected successfully!","timestamp":"2025-08-12T11:05:50.312Z"}
{"level":"error","message":"err.message","timestamp":"2025-08-12T11:07:49.644Z"}
{"level":"error","message":"err.message","timestamp":"2025-08-12T11:08:08.981Z"}
{"level":"error","message":"err.message","timestamp":"2025-08-12T11:09:48.606Z"}
{"level":"error","message":"err.message","timestamp":"2025-08-12T11:10:23.102Z"}
{"level":"error","message":"err.message","timestamp":"2025-08-12T11:13:51.239Z"}
{"level":"info","message":"Server running on port 5000","timestamp":"2025-08-12T11:17:18.733Z"}
{"level":"info","message":"Redis connected successfully","timestamp":"2025-08-12T11:17:18.786Z"}
{"level":"info","message":"MongoDB Atlas connected successfully!","timestamp":"2025-08-12T11:17:18.858Z"}
{"level":"info","message":"Server running on port 5000","timestamp":"2025-08-12T11:21:12.653Z"}
{"level":"info","message":"Redis connected successfully","timestamp":"2025-08-12T11:21:12.686Z"}
{"level":"info","message":"MongoDB Atlas connected successfully!","timestamp":"2025-08-12T11:21:12.713Z"}
{"level":"info","message":"Server running on port 5000","timestamp":"2025-08-12T11:21:34.772Z"}
{"level":"info","message":"Redis connected successfully","timestamp":"2025-08-12T11:21:34.855Z"}
{"level":"info","message":"MongoDB Atlas connected successfully!","timestamp":"2025-08-12T11:21:34.885Z"}
{"level":"info","message":"Server running on port 5000","timestamp":"2025-08-12T11:25:54.549Z"}
{"level":"info","message":"Redis connected successfully","timestamp":"2025-08-12T11:25:54.586Z"}
{"level":"info","message":"MongoDB Atlas connected successfully!","timestamp":"2025-08-12T11:25:54.628Z"}
{"level":"info","message":"Server running on port 5000","timestamp":"2025-08-12T11:26:21.971Z"}
{"level":"info","message":"Redis connected successfully","timestamp":"2025-08-12T11:26:21.992Z"}
{"level":"info","message":"MongoDB Atlas connected successfully!","timestamp":"2025-08-12T11:26:22.049Z"}
{"level":"info","message":"Server running on port 5000","timestamp":"2025-08-12T18:36:42.087Z"}
{"level":"info","message":"Redis connected successfully","timestamp":"2025-08-12T18:36:42.136Z"}
{"level":"info","message":"MongoDB Atlas connected successfully!","timestamp":"2025-08-12T18:36:42.166Z"}
{"level":"info","message":"Status: 0909090900-148486","timestamp":"2025-08-12T18:40:06.938Z"}
{"level":"info","message":"OTP verified for 0909090900","timestamp":"2025-08-12T18:41:21.563Z"}
{"level":"error","message":"secretOrPrivateKey must have a value","timestamp":"2025-08-12T18:41:21.603Z"}
{"level":"info","message":"OTP verified for 0909090900","timestamp":"2025-08-12T18:41:25.626Z"}
{"level":"error","message":"secretOrPrivateKey must have a value","timestamp":"2025-08-12T18:41:25.630Z"}
{"level":"info","message":"Status: 0909090911-134812","timestamp":"2025-08-12T18:42:07.963Z"}
{"level":"info","message":"Redis set results: OK","timestamp":"2025-08-12T18:42:07.964Z"}
{"level":"info","message":"OTP verified for 0909090911","timestamp":"2025-08-12T18:42:50.870Z"}
{"level":"error","message":"secretOrPrivateKey must have a value","timestamp":"2025-08-12T18:42:50.879Z"}
{"level":"info","message":"OTP verified for 0909090911","timestamp":"2025-08-12T18:42:55.576Z"}
{"level":"error","message":"secretOrPrivateKey must have a value","timestamp":"2025-08-12T18:42:55.583Z"}
{"level":"info","message":"Server running on port 5000","timestamp":"2025-08-12T18:49:08.786Z"}
{"level":"info","message":"Redis connected successfully","timestamp":"2025-08-12T18:49:08.799Z"}
{"level":"info","message":"MongoDB Atlas connected successfully!","timestamp":"2025-08-12T18:49:08.832Z"}
{"level":"info","message":"Server running on port 5000","timestamp":"2025-08-12T18:52:29.605Z"}
{"level":"info","message":"Redis connected successfully","timestamp":"2025-08-12T18:52:29.628Z"}
{"level":"info","message":"MongoDB Atlas connected successfully!","timestamp":"2025-08-12T18:52:29.647Z"}
{"level":"info","message":"Server running on port 5000","timestamp":"2025-08-12T18:57:51.456Z"}
{"level":"info","message":"Redis connected successfully","timestamp":"2025-08-12T18:57:51.473Z"}
{"level":"info","message":"MongoDB Atlas connected successfully!","timestamp":"2025-08-12T18:57:51.521Z"}
{"level":"info","message":"Server running on port 5000","timestamp":"2025-08-12T19:03:51.093Z"}
{"level":"info","message":"Redis connected successfully","timestamp":"2025-08-12T19:03:51.179Z"}
{"level":"info","message":"MongoDB Atlas connected successfully!","timestamp":"2025-08-12T19:03:51.224Z"}
{"level":"info","message":"Server running on port 5000","timestamp":"2025-08-12T19:04:23.813Z"}
{"level":"info","message":"Redis connected successfully","timestamp":"2025-08-12T19:04:23.891Z"}
{"level":"info","message":"MongoDB Atlas connected successfully!","timestamp":"2025-08-12T19:04:23.919Z"}
{"level":"info","message":"Server running on port 5000","timestamp":"2025-08-12T19:15:54.079Z"}
{"level":"info","message":"Redis connected successfully","timestamp":"2025-08-12T19:15:54.108Z"}
{"level":"info","message":"MongoDB Atlas connected successfully!","timestamp":"2025-08-12T19:15:54.134Z"}
{"level":"info","message":"Server running on port 5000","timestamp":"2025-08-12T19:21:22.554Z"}
{"level":"info","message":"Redis connected successfully","timestamp":"2025-08-12T19:21:22.578Z"}
{"level":"info","message":"MongoDB Atlas connected successfully!","timestamp":"2025-08-12T19:21:22.596Z"}
