{"level":"error","message":"Cannot read properties of undefined (reading 'refreshToken')","timestamp":"2025-08-01T20:08:51.811Z"}
{"level":"error","message":"Cannot access 'refreshToken' before initialization","timestamp":"2025-08-01T20:33:22.885Z"}
{"level":"error","message":"Cannot access 'refreshToken' before initialization","timestamp":"2025-08-01T20:36:55.280Z"}
{"level":"error","message":"Cannot access 'refreshToken' before initialization","timestamp":"2025-08-01T20:45:38.798Z"}
{"level":"error","message":"Cannot read properties of null (reading 'role')","timestamp":"2025-08-01T20:57:27.520Z"}
{"level":"error","message":"Cannot destructure property 'email' of 'req.body' as it is undefined.","timestamp":"2025-08-02T10:43:03.135Z"}
{"level":"error","message":"Cannot destructure property 'email' of 'req.body' as it is undefined.","timestamp":"2025-08-02T10:43:41.026Z"}
{"level":"error","message":"Cannot destructure property 'email' of 'req.body' as it is undefined.","timestamp":"2025-08-02T10:44:08.667Z"}
{"level":"error","message":"Cannot destructure property 'phone' of 'req.body' as it is undefined.","timestamp":"2025-08-02T10:46:42.147Z"}
{"level":"error","message":"Cannot set headers after they are sent to the client","timestamp":"2025-08-02T10:49:17.983Z"}
{"level":"error","message":"err.message","timestamp":"2025-08-02T10:49:17.986Z"}
{"level":"error","message":"secretOrPrivateKey must have a value","timestamp":"2025-08-05T17:04:35.882Z"}
{"level":"error","message":"err.message","timestamp":"2025-08-06T11:10:03.848Z"}
{"level":"error","message":"err.message","timestamp":"2025-08-06T11:10:58.269Z"}
{"level":"error","message":"err.message","timestamp":"2025-08-06T11:12:17.603Z"}
{"level":"error","message":"err.message","timestamp":"2025-08-06T11:13:00.106Z"}
{"level":"error","message":"err.message","timestamp":"2025-08-06T11:14:38.653Z"}
{"level":"error","message":"err.message","timestamp":"2025-08-06T11:15:47.765Z"}
{"level":"error","message":"err.message","timestamp":"2025-08-06T11:18:08.246Z"}
{"level":"error","message":"err.message","timestamp":"2025-08-06T11:18:24.446Z"}
{"level":"error","message":"err.message","timestamp":"2025-08-06T11:19:00.261Z"}
{"level":"error","message":"err.message","timestamp":"2025-08-06T11:20:09.343Z"}
{"level":"error","message":"err.message","timestamp":"2025-08-06T11:22:01.352Z"}
{"level":"error","message":"err.message","timestamp":"2025-08-06T11:28:04.682Z"}
{"level":"error","message":"err.message","timestamp":"2025-08-06T11:28:34.199Z"}
{"level":"error","message":"err.message","timestamp":"2025-08-06T11:31:22.581Z"}
{"level":"error","message":"err.message","timestamp":"2025-08-06T11:38:30.102Z"}
{"level":"error","message":"MongoDB Atlas connection errpr: connect ECONNREFUSED ::1:27017, connect ECONNREFUSED 127.0.0.1:27017","timestamp":"2025-08-12T10:33:07.052Z"}
{"level":"error","message":"err.message","timestamp":"2025-08-12T10:36:15.477Z"}
{"level":"error","message":"err.message","timestamp":"2025-08-12T10:36:48.270Z"}
{"level":"error","message":"err.message","timestamp":"2025-08-12T10:50:47.491Z"}
{"level":"error","message":"err.message","timestamp":"2025-08-12T10:54:42.170Z"}
{"level":"error","message":"err.message","timestamp":"2025-08-12T10:55:04.395Z"}
{"level":"error","message":"err.message","timestamp":"2025-08-12T10:55:08.373Z"}
{"level":"error","message":"err.message","timestamp":"2025-08-12T10:55:40.319Z"}
{"level":"error","message":"err.message","timestamp":"2025-08-12T11:07:49.644Z"}
{"level":"error","message":"err.message","timestamp":"2025-08-12T11:08:08.981Z"}
{"level":"error","message":"err.message","timestamp":"2025-08-12T11:09:48.606Z"}
{"level":"error","message":"err.message","timestamp":"2025-08-12T11:10:23.102Z"}
{"level":"error","message":"err.message","timestamp":"2025-08-12T11:13:51.239Z"}
{"level":"error","message":"secretOrPrivateKey must have a value","timestamp":"2025-08-12T18:41:21.603Z"}
{"level":"error","message":"secretOrPrivateKey must have a value","timestamp":"2025-08-12T18:41:25.630Z"}
{"level":"error","message":"secretOrPrivateKey must have a value","timestamp":"2025-08-12T18:42:50.879Z"}
{"level":"error","message":"secretOrPrivateKey must have a value","timestamp":"2025-08-12T18:42:55.583Z"}
